<?xml version="1.0" encoding="UTF-8"?>
<!-- Generated by org.testng.reporters.JUnitXMLReporter -->
<testsuite hostname="TYSS-MF-031" name="Installation" tests="4" failures="0" timestamp="29 Jun 2017 09:32:41 GMT" time="473.266" errors="0">
  <testcase name="verifyRegistrationFunctionality" time="17.377" classname="com.liqvid.installation.AdminBasicTest"/>
  <testcase name="testCreateBatch" time="131.232" classname="com.liqvid.installation.AdminBasicTest"/>
  <testcase name="testTeacherRegistration" time="146.196" classname="com.liqvid.installation.AdminBasicTest"/>
  <testcase name="testStudentRegistrationWithMobileNumber" time="154.61" classname="com.liqvid.installation.AdminBasicTest">
    <failure type="com.kirwa.nxgreport.exceptions.NXGReporterStepFailedException">
      <![CDATA[[KIRWA Custom Reporter Step Failed Exception]
	at com.liqvid.library.MyNXGTestListner.onTestSuccess(MyNXGTestListner.java:96)
... Removed 21 stack frames]]>
    </failure>
  </testcase> <!-- testStudentRegistrationWithMobileNumber -->
</testsuite> <!-- Installation -->
