<?xml version="1.0" encoding="UTF-8"?>
<!-- Generated by org.testng.reporters.JUnitXMLReporter -->
<testsuite hostname="TYSS-MF-029" name="Test regression" tests="1" failures="0" timestamp="4 Aug 2017 07:10:05 GMT" time="234.94" errors="0">
  <testcase name="testOrganizingGettogethersActivity" time="226.718" classname="com.liqvid.scripts.TeacherFunctionalTest">
    <failure type="com.kirwa.nxgreport.exceptions.NXGReporterStepFailedException">
      <![CDATA[[KIRWA Custom Reporter Step Failed Exception]
	at com.liqvid.library.MyNXGTestListner.onTestSuccess(MyNXGTestListner.java:96)
... Removed 21 stack frames]]>
    </failure>
  </testcase> <!-- testOrganizingGettogethersActivity -->
</testsuite> <!-- Test regression -->
